    1024	   8	       128	     0.022 GigaMultsPerSecond
    2048	   8	       256	     0.046 GigaMultsPerSecond
    4096	   8	       512	     0.090 GigaMultsPerSecond
    8192	   8	      1024	     0.179 GigaMultsPerSecond
   16384	   8	      2048	     0.334 GigaMultsPerSecond
   32768	   8	      4096	     0.580 GigaMultsPerSecond
   64512	   8	      8064	     1.115 GigaMultsPerSecond
  128000	   8	     16000	     1.780 GigaMultsPerSecond
  256000	   8	     32000	     1.097 GigaMultsPerSecond
  512000	   8	     64000	     1.787 GigaMultsPerSecond
 1000448	   8	    125056	     2.577 GigaMultsPerSecond
 2000896	   8	    250112	     3.288 GigaMultsPerSecond
 4000768	   8	    500096	     3.805 GigaMultsPerSecond
 6000640	   8	    750080	     4.059 GigaMultsPerSecond
 8000512	   8	   1000064	     4.125 GigaMultsPerSecond
10000384	   8	   1250048	     4.223 GigaMultsPerSecond
    1024	  16	        64	     0.023 GigaMultsPerSecond
    2048	  16	       128	     0.036 GigaMultsPerSecond
    4096	  16	       256	     0.090 GigaMultsPerSecond
    8192	  16	       512	     0.183 GigaMultsPerSecond
   16384	  16	      1024	     0.358 GigaMultsPerSecond
   32768	  16	      2048	     0.541 GigaMultsPerSecond
   64512	  16	      4032	     1.259 GigaMultsPerSecond
  128000	  16	      8000	     2.191 GigaMultsPerSecond
  256000	  16	     16000	     1.237 GigaMultsPerSecond
  512000	  16	     32000	     2.171 GigaMultsPerSecond
 1000448	  16	     62528	     3.471 GigaMultsPerSecond
 2000896	  16	    125056	     5.081 GigaMultsPerSecond
 4000768	  16	    250048	     6.380 GigaMultsPerSecond
 6000640	  16	    375040	     6.421 GigaMultsPerSecond
 8000512	  16	    500032	     7.301 GigaMultsPerSecond
10000384	  16	    625024	     7.219 GigaMultsPerSecond
    1024	  32	        32	     0.018 GigaMultsPerSecond
    2048	  32	        64	     0.045 GigaMultsPerSecond
    4096	  32	       128	     0.071 GigaMultsPerSecond
    8192	  32	       256	     0.185 GigaMultsPerSecond
   16384	  32	       512	     0.320 GigaMultsPerSecond
   32768	  32	      1024	     0.571 GigaMultsPerSecond
   64512	  32	      2016	     1.373 GigaMultsPerSecond
  128000	  32	      4000	     2.373 GigaMultsPerSecond
  256000	  32	      8000	     1.036 GigaMultsPerSecond
  512000	  32	     16000	     2.452 GigaMultsPerSecond
 1000448	  32	     31264	     4.309 GigaMultsPerSecond
 2000896	  32	     62528	     6.791 GigaMultsPerSecond
 4000768	  32	    125024	     9.446 GigaMultsPerSecond
 6000640	  32	    187520	    10.904 GigaMultsPerSecond
 8000512	  32	    250016	    11.768 GigaMultsPerSecond
10000384	  32	    312512	    11.294 GigaMultsPerSecond
    1024	  64	        16	     0.023 GigaMultsPerSecond
    2048	  64	        32	     0.045 GigaMultsPerSecond
    4096	  64	        64	     0.094 GigaMultsPerSecond
    8192	  64	       128	     0.187 GigaMultsPerSecond
   16384	  64	       256	     0.361 GigaMultsPerSecond
   32768	  64	       512	     0.722 GigaMultsPerSecond
   64512	  64	      1008	     1.378 GigaMultsPerSecond
  128000	  64	      2000	     2.617 GigaMultsPerSecond
  256000	  64	      4000	     1.320 GigaMultsPerSecond
  512000	  64	      8000	     2.571 GigaMultsPerSecond
 1000448	  64	     15632	     4.797 GigaMultsPerSecond
 2000896	  64	     31264	     7.042 GigaMultsPerSecond
 4000768	  64	     62512	    12.461 GigaMultsPerSecond
 6000640	  64	     93760	    14.722 GigaMultsPerSecond
 8000512	  64	    125008	    16.648 GigaMultsPerSecond
10000384	  64	    156256	    18.028 GigaMultsPerSecond
    1024	 128	         8	     0.022 GigaMultsPerSecond
    2048	 128	        16	     0.045 GigaMultsPerSecond
    4096	 128	        32	     0.094 GigaMultsPerSecond
    8192	 128	        64	     0.184 GigaMultsPerSecond
   16384	 128	       128	     0.351 GigaMultsPerSecond
   32768	 128	       256	     0.729 GigaMultsPerSecond
   64512	 128	       504	     1.367 GigaMultsPerSecond
  128000	 128	      1000	     2.724 GigaMultsPerSecond
  256000	 128	      2000	     1.377 GigaMultsPerSecond
  512000	 128	      4000	     2.650 GigaMultsPerSecond
 1000448	 128	      7816	     5.026 GigaMultsPerSecond
 2000896	 128	     15632	     7.196 GigaMultsPerSecond
 4000768	 128	     31256	    14.139 GigaMultsPerSecond
 6000640	 128	     46880	    18.256 GigaMultsPerSecond
 8000512	 128	     62504	    17.639 GigaMultsPerSecond
10000384	 128	     78128	    22.469 GigaMultsPerSecond
    1024	 256	         4	     0.024 GigaMultsPerSecond
    2048	 256	         8	     0.036 GigaMultsPerSecond
    4096	 256	        16	     0.092 GigaMultsPerSecond
    8192	 256	        32	     0.162 GigaMultsPerSecond
   16384	 256	        64	     0.348 GigaMultsPerSecond
   32768	 256	       128	     0.725 GigaMultsPerSecond
   64512	 256	       252	     1.398 GigaMultsPerSecond
  128000	 256	       500	     2.787 GigaMultsPerSecond
  256000	 256	      1000	     1.342 GigaMultsPerSecond
  512000	 256	      2000	     2.087 GigaMultsPerSecond
 1000448	 256	      3908	     5.072 GigaMultsPerSecond
 2000896	 256	      7816	     9.046 GigaMultsPerSecond
 4000768	 256	     15628	    13.967 GigaMultsPerSecond
 6000640	 256	     23440	    17.990 GigaMultsPerSecond
 8000512	 256	     31252	    20.644 GigaMultsPerSecond
10000384	 256	     39064	    21.240 GigaMultsPerSecond
    1024	 512	         2	     0.018 GigaMultsPerSecond
    2048	 512	         4	     0.045 GigaMultsPerSecond
    4096	 512	         8	     0.092 GigaMultsPerSecond
    8192	 512	        16	     0.183 GigaMultsPerSecond
   16384	 512	        32	     0.357 GigaMultsPerSecond
   32768	 512	        64	     0.733 GigaMultsPerSecond
   64512	 512	       126	     1.376 GigaMultsPerSecond
  128000	 512	       250	     2.764 GigaMultsPerSecond
  256000	 512	       500	     1.075 GigaMultsPerSecond
  512000	 512	      1000	     2.780 GigaMultsPerSecond
 1000448	 512	      1954	     5.098 GigaMultsPerSecond
 2000896	 512	      3908	     8.911 GigaMultsPerSecond
 4000768	 512	      7814	    14.436 GigaMultsPerSecond
 6000640	 512	     11720	    15.611 GigaMultsPerSecond
 8000512	 512	     15626	    17.651 GigaMultsPerSecond
10000384	 512	     19532	    22.351 GigaMultsPerSecond
