    1024	   8	       128	     0.021 GigaMultsPerSecond
    2048	   8	       256	     0.045 GigaMultsPerSecond
    4096	   8	       512	     0.080 GigaMultsPerSecond
    8192	   8	      1024	     0.147 GigaMultsPerSecond
   16384	   8	      2048	     0.272 GigaMultsPerSecond
   32768	   8	      4096	     0.630 GigaMultsPerSecond
   64512	   8	      8064	     1.089 GigaMultsPerSecond
  128000	   8	     16000	     1.767 GigaMultsPerSecond
  256000	   8	     32000	     2.594 GigaMultsPerSecond
  512000	   8	     64000	     1.714 GigaMultsPerSecond
 1000448	   8	    125056	     2.286 GigaMultsPerSecond
 2000896	   8	    250112	     3.310 GigaMultsPerSecond
 4000768	   8	    500096	     3.843 GigaMultsPerSecond
 6000640	   8	    750080	     3.843 GigaMultsPerSecond
 8000512	   8	   1000064	     4.096 GigaMultsPerSecond
10000384	   8	   1250048	     4.220 GigaMultsPerSecond
    1024	  16	        64	     0.023 GigaMultsPerSecond
    2048	  16	       128	     0.045 GigaMultsPerSecond
    4096	  16	       256	     0.072 GigaMultsPerSecond
    8192	  16	       512	     0.179 GigaMultsPerSecond
   16384	  16	      1024	     0.281 GigaMultsPerSecond
   32768	  16	      2048	     0.483 GigaMultsPerSecond
   64512	  16	      4032	     1.251 GigaMultsPerSecond
  128000	  16	      8000	     1.858 GigaMultsPerSecond
  256000	  16	     16000	     3.081 GigaMultsPerSecond
  512000	  16	     32000	     2.169 GigaMultsPerSecond
 1000448	  16	     62528	     3.479 GigaMultsPerSecond
 2000896	  16	    125056	     5.048 GigaMultsPerSecond
 4000768	  16	    250048	     6.394 GigaMultsPerSecond
 6000640	  16	    375040	     6.657 GigaMultsPerSecond
 8000512	  16	    500032	     7.178 GigaMultsPerSecond
10000384	  16	    625024	     7.035 GigaMultsPerSecond
    1024	  32	        32	     0.023 GigaMultsPerSecond
    2048	  32	        64	     0.045 GigaMultsPerSecond
    4096	  32	       128	     0.090 GigaMultsPerSecond
    8192	  32	       256	     0.180 GigaMultsPerSecond
   16384	  32	       512	     0.372 GigaMultsPerSecond
   32768	  32	      1024	     0.709 GigaMultsPerSecond
   64512	  32	      2016	     1.076 GigaMultsPerSecond
  128000	  32	      4000	     2.468 GigaMultsPerSecond
  256000	  32	      8000	     4.444 GigaMultsPerSecond
  512000	  32	     16000	     1.872 GigaMultsPerSecond
 1000448	  32	     31264	     3.443 GigaMultsPerSecond
 2000896	  32	     62528	     5.801 GigaMultsPerSecond
 4000768	  32	    125024	     9.519 GigaMultsPerSecond
 6000640	  32	    187520	    10.412 GigaMultsPerSecond
 8000512	  32	    250016	    11.296 GigaMultsPerSecond
10000384	  32	    312512	    12.200 GigaMultsPerSecond
    1024	  64	        16	     0.023 GigaMultsPerSecond
    2048	  64	        32	     0.046 GigaMultsPerSecond
    4096	  64	        64	     0.091 GigaMultsPerSecond
    8192	  64	       128	     0.183 GigaMultsPerSecond
   16384	  64	       256	     0.348 GigaMultsPerSecond
   32768	  64	       512	     0.710 GigaMultsPerSecond
   64512	  64	      1008	     1.377 GigaMultsPerSecond
  128000	  64	      2000	     2.640 GigaMultsPerSecond
  256000	  64	      4000	     4.947 GigaMultsPerSecond
  512000	  64	      8000	     2.624 GigaMultsPerSecond
 1000448	  64	     15632	     4.529 GigaMultsPerSecond
 2000896	  64	     31264	     8.134 GigaMultsPerSecond
 4000768	  64	     62512	    12.458 GigaMultsPerSecond
 6000640	  64	     93760	    12.050 GigaMultsPerSecond
 8000512	  64	    125008	    16.142 GigaMultsPerSecond
10000384	  64	    156256	    17.914 GigaMultsPerSecond
    1024	 128	         8	     0.023 GigaMultsPerSecond
    2048	 128	        16	     0.040 GigaMultsPerSecond
    4096	 128	        32	     0.092 GigaMultsPerSecond
    8192	 128	        64	     0.180 GigaMultsPerSecond
   16384	 128	       128	     0.362 GigaMultsPerSecond
   32768	 128	       256	     0.728 GigaMultsPerSecond
   64512	 128	       504	     1.410 GigaMultsPerSecond
  128000	 128	      1000	     2.621 GigaMultsPerSecond
  256000	 128	      2000	     5.111 GigaMultsPerSecond
  512000	 128	      4000	     2.690 GigaMultsPerSecond
 1000448	 128	      7816	     4.611 GigaMultsPerSecond
 2000896	 128	     15632	     8.358 GigaMultsPerSecond
 4000768	 128	     31256	    11.484 GigaMultsPerSecond
 6000640	 128	     46880	    15.710 GigaMultsPerSecond
 8000512	 128	     62504	    17.836 GigaMultsPerSecond
10000384	 128	     78128	    16.933 GigaMultsPerSecond
    1024	 256	         4	     0.023 GigaMultsPerSecond
    2048	 256	         8	     0.035 GigaMultsPerSecond
    4096	 256	        16	     0.092 GigaMultsPerSecond
    8192	 256	        32	     0.175 GigaMultsPerSecond
   16384	 256	        64	     0.358 GigaMultsPerSecond
   32768	 256	       128	     0.719 GigaMultsPerSecond
   64512	 256	       252	     1.461 GigaMultsPerSecond
  128000	 256	       500	     2.153 GigaMultsPerSecond
  256000	 256	      1000	     5.069 GigaMultsPerSecond
  512000	 256	      2000	     2.057 GigaMultsPerSecond
 1000448	 256	      3908	     4.114 GigaMultsPerSecond
 2000896	 256	      7816	     8.422 GigaMultsPerSecond
 4000768	 256	     15628	    13.288 GigaMultsPerSecond
 6000640	 256	     23440	    14.179 GigaMultsPerSecond
 8000512	 256	     31252	    17.534 GigaMultsPerSecond
10000384	 256	     39064	    20.035 GigaMultsPerSecond
    1024	 512	         2	     0.018 GigaMultsPerSecond
    2048	 512	         4	     0.041 GigaMultsPerSecond
    4096	 512	         8	     0.081 GigaMultsPerSecond
    8192	 512	        16	     0.178 GigaMultsPerSecond
   16384	 512	        32	     0.278 GigaMultsPerSecond
   32768	 512	        64	     0.706 GigaMultsPerSecond
   64512	 512	       126	     1.389 GigaMultsPerSecond
  128000	 512	       250	     2.792 GigaMultsPerSecond
  256000	 512	       500	     5.453 GigaMultsPerSecond
  512000	 512	      1000	     2.672 GigaMultsPerSecond
 1000448	 512	      1954	     4.864 GigaMultsPerSecond
 2000896	 512	      3908	     8.327 GigaMultsPerSecond
 4000768	 512	      7814	    13.315 GigaMultsPerSecond
 6000640	 512	     11720	    12.715 GigaMultsPerSecond
 8000512	 512	     15626	    17.619 GigaMultsPerSecond
10000384	 512	     19532	    18.600 GigaMultsPerSecond
