    1024	  32	        32	     0.021 GigaMultsPerSecond
    2048	  32	        64	     0.046 GigaMultsPerSecond
    4096	  32	       128	     0.091 GigaMultsPerSecond
    8192	  32	       256	     0.180 GigaMultsPerSecond
   16384	  32	       512	     0.176 GigaMultsPerSecond
   32768	  32	      1024	     0.694 GigaMultsPerSecond
   64512	  32	      2016	     1.317 GigaMultsPerSecond
  128000	  32	      4000	     2.425 GigaMultsPerSecond
  256000	  32	      8000	     4.443 GigaMultsPerSecond
  512000	  32	     16000	     2.483 GigaMultsPerSecond
 1000448	  32	     31264	     4.138 GigaMultsPerSecond
 2000896	  32	     62528	     6.768 GigaMultsPerSecond
 4000768	  32	    125024	    10.022 GigaMultsPerSecond
 6000640	  32	    187520	     0.007 GigaMultsPerSecond
 8000512	  32	    250016	    11.673 GigaMultsPerSecond
10000384	  32	    312512	    12.504 GigaMultsPerSecond
    1024	  64	        16	     0.022 GigaMultsPerSecond
    2048	  64	        32	     0.045 GigaMultsPerSecond
    4096	  64	        64	     0.068 GigaMultsPerSecond
    8192	  64	       128	     0.142 GigaMultsPerSecond
   16384	  64	       256	     0.362 GigaMultsPerSecond
   32768	  64	       512	     0.717 GigaMultsPerSecond
   64512	  64	      1008	     1.084 GigaMultsPerSecond
  128000	  64	      2000	     2.586 GigaMultsPerSecond
  256000	  64	      4000	     4.853 GigaMultsPerSecond
  512000	  64	      8000	     8.691 GigaMultsPerSecond
 1000448	  64	     15632	     4.682 GigaMultsPerSecond
 2000896	  64	     31264	     6.556 GigaMultsPerSecond
 4000768	  64	     62512	    13.509 GigaMultsPerSecond
 6000640	  64	     93760	    15.364 GigaMultsPerSecond
 8000512	  64	    125008	    18.513 GigaMultsPerSecond
10000384	  64	    156256	    20.182 GigaMultsPerSecond
    1024	 128	         8	     0.022 GigaMultsPerSecond
    2048	 128	        16	     0.043 GigaMultsPerSecond
    4096	 128	        32	     0.089 GigaMultsPerSecond
    8192	 128	        64	     0.174 GigaMultsPerSecond
   16384	 128	       128	     0.283 GigaMultsPerSecond
   32768	 128	       256	     0.705 GigaMultsPerSecond
   64512	 128	       504	     1.105 GigaMultsPerSecond
  128000	 128	      1000	     2.145 GigaMultsPerSecond
  256000	 128	      2000	     5.122 GigaMultsPerSecond
  512000	 128	      4000	     9.741 GigaMultsPerSecond
 1000448	 128	      7816	     5.021 GigaMultsPerSecond
 2000896	 128	     15632	     8.856 GigaMultsPerSecond
 4000768	 128	     31256	    15.782 GigaMultsPerSecond
 6000640	 128	     46880	    19.879 GigaMultsPerSecond
 8000512	 128	     62504	    22.919 GigaMultsPerSecond
10000384	 128	     78128	    26.498 GigaMultsPerSecond
    1024	 256	         4	     0.022 GigaMultsPerSecond
    2048	 256	         8	     0.045 GigaMultsPerSecond
    4096	 256	        16	     0.071 GigaMultsPerSecond
    8192	 256	        32	     0.181 GigaMultsPerSecond
   16384	 256	        64	     0.355 GigaMultsPerSecond
   32768	 256	       128	     0.548 GigaMultsPerSecond
   64512	 256	       252	     1.168 GigaMultsPerSecond
  128000	 256	       500	     2.692 GigaMultsPerSecond
  256000	 256	      1000	     5.113 GigaMultsPerSecond
  512000	 256	      2000	    10.009 GigaMultsPerSecond
 1000448	 256	      3908	     4.758 GigaMultsPerSecond
 2000896	 256	      7816	     9.090 GigaMultsPerSecond
 4000768	 256	     15628	    15.948 GigaMultsPerSecond
 6000640	 256	     23440	    17.806 GigaMultsPerSecond
 8000512	 256	     31252	    23.810 GigaMultsPerSecond
10000384	 256	     39064	    26.989 GigaMultsPerSecond
